<?xml version="1.0" encoding="UTF-8"?>
<testsuite name="exercise.TestCalculator" tests="2" skipped="0" failures="0" errors="0" timestamp="2020-09-21T11:00:13" hostname="songhyeonsuui-MacBookPro.local" time="0.02">
  <properties/>
  <testcase name="testAdd()" classname="exercise.TestCalculator" time="0.017"/>
  <testcase name="testNumber()" classname="exercise.TestCalculator" time="0.002"/>
  <system-out><![CDATA[]]></system-out>
  <system-err><![CDATA[]]></system-err>
</testsuite>
