<?xml version="1.0" encoding="UTF-8"?>
<testsuite name="exercise.JUnitTest" tests="2" skipped="0" failures="0" errors="0" timestamp="2020-09-28T16:36:44" hostname="songhyeonsuui-MacBookPro.local" time="0.011">
  <properties/>
  <testcase name="testOne()" classname="exercise.JUnitTest" time="0.008"/>
  <testcase name="testTwo()" classname="exercise.JUnitTest" time="0.002"/>
  <system-out><![CDATA[@BeforeAll setUpClass()
@BeforeEach setUp()
@Test tesetOne()
@AfterEach tearDown()
@BeforeEach setUp()
@Test testTwo()
@AfterEach tearDown()
@AfterAll tearDownClass()
]]></system-out>
  <system-err><![CDATA[]]></system-err>
</testsuite>
