<?xml version="1.0" encoding="UTF-8"?>
<testsuite name="exercise.TestCalculator" tests="2" skipped="0" failures="0" errors="0" timestamp="2020-09-21T08:58:36" hostname="songhyeonsuui-MacBookPro.local" time="0.003">
  <properties/>
  <testcase name="testAdd" classname="exercise.TestCalculator" time="0.002"/>
  <testcase name="testNumber" classname="exercise.TestCalculator" time="0.0"/>
  <system-out><![CDATA[]]></system-out>
  <system-err><![CDATA[]]></system-err>
</testsuite>
