<?xml version="1.0" encoding="UTF-8"?>
<testsuite name="exercise.AppTest" tests="1" skipped="0" failures="0" errors="0" timestamp="2020-09-21T11:29:19" hostname="songhyeonsuui-MacBookPro.local" time="0.017">
  <properties/>
  <testcase name="appHasAGreeting()" classname="exercise.AppTest" time="0.017"/>
  <system-out><![CDATA[]]></system-out>
  <system-err><![CDATA[]]></system-err>
</testsuite>
