<?xml version="1.0" encoding="UTF-8"?>
<testsuite name="exercise.TestCalculator" tests="5" skipped="0" failures="0" errors="0" timestamp="2020-09-21T11:05:12" hostname="songhyeonsuui-MacBookPro.local" time="0.019">
  <properties/>
  <testcase name="testAdd" classname="exercise.TestCalculator" time="0.005"/>
  <testcase name="test_anyOf_allOf_instanceOf" classname="exercise.TestCalculator" time="0.009"/>
  <testcase name="testNumber" classname="exercise.TestCalculator" time="0.001"/>
  <testcase name="testString" classname="exercise.TestCalculator" time="0.0"/>
  <testcase name="testCollection" classname="exercise.TestCalculator" time="0.003"/>
  <system-out><![CDATA[]]></system-out>
  <system-err><![CDATA[]]></system-err>
</testsuite>
